\BOOKMARK [1][-]{section.1}{Introduction}{}% 1
\BOOKMARK [2][-]{subsection.1.1}{Background}{section.1}% 2
\BOOKMARK [3][-]{subsubsection.1.1.1}{Candlestick Chart}{subsection.1.1}% 3
\BOOKMARK [2][-]{subsection.1.2}{Related Work}{section.1}% 4
\BOOKMARK [1][-]{section.2}{Data Collection}{}% 5
\BOOKMARK [2][-]{subsection.2.1}{Data Collection using Yahoo! Finance}{section.2}% 6
\BOOKMARK [2][-]{subsection.2.2}{Data Preprocessing}{section.2}% 7
\BOOKMARK [1][-]{section.3}{Methodology}{}% 8
\BOOKMARK [2][-]{subsection.3.1}{Chart Encoding}{section.3}% 9
\BOOKMARK [2][-]{subsection.3.2}{Learning Algorithm}{section.3}% 10
\BOOKMARK [3][-]{subsubsection.3.2.1}{Convolutional Neural Network}{subsection.3.2}% 11
\BOOKMARK [3][-]{subsubsection.3.2.2}{Residual Network}{subsection.3.2}% 12
\BOOKMARK [3][-]{subsubsection.3.2.3}{VGG Network}{subsection.3.2}% 13
\BOOKMARK [3][-]{subsubsection.3.2.4}{Random Forest}{subsection.3.2}% 14
\BOOKMARK [3][-]{subsubsection.3.2.5}{K-Nearest Neighbors}{subsection.3.2}% 15
\BOOKMARK [2][-]{subsection.3.3}{Performance Evaluation}{section.3}% 16
\BOOKMARK [1][-]{section.4}{Experimental Results and Discussion}{}% 17
\BOOKMARK [2][-]{subsection.4.1}{Classifiaction for Each Stock Market}{section.4}% 18
\BOOKMARK [3][-]{subsubsection.4.1.1}{Classification for Taiwan 50 Dataset}{subsection.4.1}% 19
\BOOKMARK [3][-]{subsubsection.4.1.2}{Classification for Indonesia 10 Dataset}{subsection.4.1}% 20
\BOOKMARK [2][-]{subsection.4.2}{Independent Testing Result}{section.4}% 21
\BOOKMARK [2][-]{subsection.4.3}{Comparison}{section.4}% 22
\BOOKMARK [1][-]{section.5}{Conclusions and Future Works}{}% 23
